This file contains any messages produced by compilers while
running configure, to aid debugging if configure makes a mistake.

It was created by configure, which was
generated by GNU Autoconf 2.63.  Invocation command line was

  $ ./configure --sharedstatedir=/var --disable-toggle --disable-editor --disable-force --with-user=privoxy --with-group=privoxy

## --------- ##
## Platform. ##
## --------- ##

hostname = node.r66t.int
uname -m = x86_64
uname -r = 2.6.32-220.17.1.el6.x86_64
uname -s = Linux
uname -v = #1 SMP Wed May 16 00:01:37 BST 2012

/usr/bin/uname -p = unknown
/bin/uname -X     = unknown

/bin/arch              = x86_64
/usr/bin/arch -k       = unknown
/usr/convex/getsysinfo = unknown
/usr/bin/hostinfo      = unknown
/bin/machine           = unknown
/usr/bin/oslevel       = unknown
/bin/universe          = unknown

PATH: /usr/local/bin
PATH: /bin
PATH: /usr/bin
PATH: /usr/local/sbin
PATH: /usr/sbin
PATH: /sbin
PATH: /home/mbrowne/bin


## ----------- ##
## Core tests. ##
## ----------- ##

configure:1935: checking build system type
configure:1953: result: x86_64-unknown-linux-gnu
configure:1975: checking host system type
configure:1990: result: x86_64-unknown-linux-gnu
configure:2125: checking for gcc
configure:2141: found /usr/bin/gcc
configure:2152: result: gcc
configure:2384: checking for C compiler version
configure:2392: gcc --version >&5
gcc (GCC) 4.4.6 20120305 (Red Hat 4.4.6-4)
Copyright (C) 2010 Free Software Foundation, Inc.
This is free software; see the source for copying conditions.  There is NO
warranty; not even for MERCHANTABILITY or FITNESS FOR A PARTICULAR PURPOSE.

configure:2396: $? = 0
configure:2403: gcc -v >&5
Using built-in specs.
Target: x86_64-redhat-linux
Configured with: ../configure --prefix=/usr --mandir=/usr/share/man --infodir=/usr/share/info --with-bugurl=http://bugzilla.redhat.com/bugzilla --enable-bootstrap --enable-shared --enable-threads=posix --enable-checking=release --with-system-zlib --enable-__cxa_atexit --disable-libunwind-exceptions --enable-gnu-unique-object --enable-languages=c,c++,objc,obj-c++,java,fortran,ada --enable-java-awt=gtk --disable-dssi --with-java-home=/usr/lib/jvm/java-1.5.0-gcj-1.5.0.0/jre --enable-libgcj-multifile --enable-java-maintainer-mode --with-ecj-jar=/usr/share/java/eclipse-ecj.jar --disable-libjava-multilib --with-ppl --with-cloog --with-tune=generic --with-arch_32=i686 --build=x86_64-redhat-linux
Thread model: posix
gcc version 4.4.6 20120305 (Red Hat 4.4.6-4) (GCC) 
configure:2407: $? = 0
configure:2414: gcc -V >&5
gcc: '-V' option must have argument
configure:2418: $? = 1
configure:2441: checking for C compiler default output file name
configure:2463: gcc     conftest.c  >&5
configure:2467: $? = 0
configure:2505: result: a.out
configure:2524: checking whether the C compiler works
configure:2534: ./a.out
configure:2538: $? = 0
configure:2557: result: yes
configure:2564: checking whether we are cross compiling
configure:2566: result: no
configure:2569: checking for suffix of executables
configure:2576: gcc -o conftest     conftest.c  >&5
configure:2580: $? = 0
configure:2606: result: 
configure:2612: checking for suffix of object files
configure:2638: gcc -c    conftest.c >&5
configure:2642: $? = 0
configure:2667: result: o
configure:2671: checking whether we are using the GNU C compiler
configure:2700: gcc -c    conftest.c >&5
configure:2707: $? = 0
configure:2724: result: yes
configure:2733: checking whether gcc accepts -g
configure:2763: gcc -c -g  conftest.c >&5
configure:2770: $? = 0
configure:2871: result: yes
configure:2888: checking for gcc option to accept ISO C89
configure:2962: gcc  -c    conftest.c >&5
configure:2969: $? = 0
configure:2992: result: none needed
configure:3015: checking how to run the C preprocessor
configure:3055: gcc -E  conftest.c
configure:3062: $? = 0
configure:3093: gcc -E  conftest.c
conftest.c:13:28: error: ac_nonexistent.h: No such file or directory
configure:3100: $? = 1
configure: failed program was:
| /* confdefs.h.  */
| #define PACKAGE_NAME ""
| #define PACKAGE_TARNAME ""
| #define PACKAGE_VERSION ""
| #define PACKAGE_STRING ""
| #define PACKAGE_BUGREPORT ""
| #define VERSION_MAJOR 3
| #define VERSION_MINOR 0
| #define VERSION_POINT 19
| #define VERSION "3.0.19"
| #define CODE_STATUS "stable"
| /* end confdefs.h.  */
| #include <ac_nonexistent.h>
configure:3133: result: gcc -E
configure:3162: gcc -E  conftest.c
configure:3169: $? = 0
configure:3200: gcc -E  conftest.c
conftest.c:13:28: error: ac_nonexistent.h: No such file or directory
configure:3207: $? = 1
configure: failed program was:
| /* confdefs.h.  */
| #define PACKAGE_NAME ""
| #define PACKAGE_TARNAME ""
| #define PACKAGE_VERSION ""
| #define PACKAGE_STRING ""
| #define PACKAGE_BUGREPORT ""
| #define VERSION_MAJOR 3
| #define VERSION_MINOR 0
| #define VERSION_POINT 19
| #define VERSION "3.0.19"
| #define CODE_STATUS "stable"
| /* end confdefs.h.  */
| #include <ac_nonexistent.h>
configure:3260: checking for a BSD-compatible install
configure:3328: result: /usr/bin/install -c
configure:3339: checking whether ln -s works
configure:3343: result: yes
configure:3350: checking whether make sets $(MAKE)
configure:3372: result: yes
configure:3385: checking for gawk
configure:3401: found /bin/gawk
configure:3412: result: gawk
configure:3426: checking for gdb
configure:3442: found /usr/bin/gdb
configure:3454: result: yes
configure:3464: checking for groups
configure:3483: found /usr/bin/groups
configure:3496: result: /usr/bin/groups
configure:3506: checking for id
configure:3525: found /usr/bin/id
configure:3538: result: /usr/bin/id
configure:3593: checking for user
configure:3605: result: privoxy
configure:3639: checking for group
configure:3651: result: privoxy
configure:3703: checking host system type
configure:3718: result: x86_64-unknown-linux-gnu
configure:3745: checking host system type
configure:3760: result: x86_64-unknown-linux-gnu
configure:3842: checking for w3m
configure:3872: result: no
configure:3842: checking for lynx
configure:3872: result: no
configure:3842: checking for links
configure:3872: result: no
configure:3882: WARNING: You need some kind of text browser to build documentation \(w3m, lynx and links are supported\)
configure:3891: checking for db2html
configure:3921: result: no
configure:3891: checking for docbook2html
configure:3921: result: no
configure:3939: checking for rpm
configure:3955: found /bin/rpm
configure:3966: result: rpm
configure:3990: checking for jade
configure:4020: result: no
configure:3990: checking for openjade
configure:4020: result: no
configure:4035: checking for man2html
configure:4051: found /usr/bin/man2html
configure:4062: result: man2html
configure:4090: checking for /usr/share/sgml/docbook/dsssl-stylesheets
configure:4090: checking for /usr/share/sgml/docbkdsl
configure:4090: checking for /usr/share/sgml/docbook-dsssl
configure:4090: checking for /usr/local/share/sgml/docbook/dsssl/modular
configure:4090: checking for /usr/share/sgml/docbook/stylesheet/dsssl/modular/
configure:4108: checking for /usr/share/sgml/CATALOG.docbk30
configure:4108: checking for /usr/share/sgml/CATALOG.docbk31
configure:4108: checking for /usr/share/sgml/CATALOG.docbk31
configure:4108: checking for /usr/local/share/sgml/docbook/3.0/docbook.cat
configure:4108: checking for /usr/local/share/sgml/docbook/3.1/docbook.cat
configure:4108: checking for /usr/share/sgml/docbook/dtd/3.1/docbook.cat
configure:4142: checking for grep that handles long lines and -e
configure:4202: result: /bin/grep
configure:4207: checking for egrep
configure:4271: result: /bin/grep -E
configure:4276: checking for ANSI C header files
configure:4306: gcc -c -pipe -O2   conftest.c 1>&5
configure:4313: $? = 0
configure:4412: gcc -o conftest -pipe -O2    conftest.c  1>&5
configure:4416: $? = 0
configure:4422: ./conftest
configure:4426: $? = 0
configure:4444: result: yes
configure:4468: checking for sys/types.h
configure:4489: gcc -c -pipe -O2   conftest.c 1>&5
configure:4496: $? = 0
configure:4513: result: yes
configure:4468: checking for sys/stat.h
configure:4489: gcc -c -pipe -O2   conftest.c 1>&5
configure:4496: $? = 0
configure:4513: result: yes
configure:4468: checking for stdlib.h
configure:4489: gcc -c -pipe -O2   conftest.c 1>&5
configure:4496: $? = 0
configure:4513: result: yes
configure:4468: checking for string.h
configure:4489: gcc -c -pipe -O2   conftest.c 1>&5
configure:4496: $? = 0
configure:4513: result: yes
configure:4468: checking for memory.h
configure:4489: gcc -c -pipe -O2   conftest.c 1>&5
configure:4496: $? = 0
configure:4513: result: yes
configure:4468: checking for strings.h
configure:4489: gcc -c -pipe -O2   conftest.c 1>&5
configure:4496: $? = 0
configure:4513: result: yes
configure:4468: checking for inttypes.h
configure:4489: gcc -c -pipe -O2   conftest.c 1>&5
configure:4496: $? = 0
configure:4513: result: yes
configure:4468: checking for stdint.h
configure:4489: gcc -c -pipe -O2   conftest.c 1>&5
configure:4496: $? = 0
configure:4513: result: yes
configure:4468: checking for unistd.h
configure:4489: gcc -c -pipe -O2   conftest.c 1>&5
configure:4496: $? = 0
configure:4513: result: yes
configure:4537: checking pthread.h usability
configure:4554: gcc -c -pipe -O2   conftest.c 1>&5
configure:4561: $? = 0
configure:4575: result: yes
configure:4579: checking pthread.h presence
configure:4594: gcc -E   conftest.c
configure:4601: $? = 0
configure:4615: result: yes
configure:4643: checking for pthread.h
configure:4650: result: yes
configure:4710: gcc -o conftest -pipe -O2  -pthread   conftest.c  1>&5
configure:4717: $? = 0
configure:4753: checking for gethostbyname in -lnsl
configure:4788: gcc -o conftest -pipe -O2    conftest.c -lnsl   1>&5
configure:4795: $? = 0
configure:4816: result: yes
configure:4828: checking for gethostbyaddr_r
configure:4884: gcc -o conftest -pipe -O2    conftest.c -lnsl  1>&5
configure:4891: $? = 0
configure:4911: result: yes
configure:4915: checking signature of gethostbyaddr_r
configure:4945: gcc -c -pipe -O2   conftest.c 1>&5
configure:4952: $? = 0
configure:4962: result: 8 args
configure:5100: checking for gethostbyname_r
configure:5156: gcc -o conftest -pipe -O2    conftest.c -lnsl  1>&5
configure:5163: $? = 0
configure:5183: result: yes
configure:5187: checking signature of gethostbyname_r
configure:5217: gcc -c -pipe -O2   conftest.c 1>&5
configure:5224: $? = 0
configure:5234: result: 6 args
configure:5371: checking for gmtime_r
configure:5427: gcc -o conftest -pipe -O2    conftest.c -lnsl  1>&5
configure:5434: $? = 0
configure:5454: result: yes
configure:5458: checking signature of gmtime_r
configure:5487: gcc -c -pipe -O2   conftest.c 1>&5
conftest.c: In function 'main':
conftest.c:36: warning: passing argument 1 of 'gmtime_r' from incompatible pointer type
/usr/include/time.h:243: note: expected 'const time_t * __restrict__' but argument is of type 'struct time *'
configure:5494: $? = 0
configure:5500: result: ok
configure:5527: checking for localtime_r
configure:5583: gcc -o conftest -pipe -O2    conftest.c -lnsl  1>&5
configure:5590: $? = 0
configure:5610: result: yes
configure:5614: checking signature of localtime_r
configure:5643: gcc -c -pipe -O2   conftest.c 1>&5
conftest.c: In function 'main':
conftest.c:37: warning: passing argument 1 of 'localtime_r' from incompatible pointer type
/usr/include/time.h:248: note: expected 'const time_t * __restrict__' but argument is of type 'struct time *'
configure:5650: $? = 0
configure:5656: result: ok
configure:5708: checking for socklen_t
configure:5721: result: yes
configure:5769: checking for ANSI C header files
configure:5937: result: yes
configure:5955: checking for dirent.h that defines DIR
configure:5984: gcc -c -pipe -O2   conftest.c 1>&5
configure:5991: $? = 0
configure:6008: result: yes
configure:6023: checking for library containing opendir
configure:6064: gcc -o conftest -pipe -O2    conftest.c -lnsl  1>&5
configure:6071: $? = 0
configure:6102: result: none required
configure:6200: checking for an ANSI C-conforming const
configure:6275: gcc -c -pipe -O2   conftest.c 1>&5
configure:6282: $? = 0
configure:6297: result: yes
configure:6307: checking for size_t
configure:6335: gcc -c -pipe -O2   conftest.c 1>&5
configure:6342: $? = 0
configure:6369: gcc -c -pipe -O2   conftest.c 1>&5
conftest.c: In function 'main':
conftest.c:67: error: expected expression before ')' token
configure:6376: $? = 1
configure: failed program was:
| /* confdefs.h.  */
| #define PACKAGE_NAME ""
| #define PACKAGE_TARNAME ""
| #define PACKAGE_VERSION ""
| #define PACKAGE_STRING ""
| #define PACKAGE_BUGREPORT ""
| #define VERSION_MAJOR 3
| #define VERSION_MINOR 0
| #define VERSION_POINT 19
| #define VERSION "3.0.19"
| #define CODE_STATUS "stable"
| #define STDC_HEADERS 1
| #define HAVE_SYS_TYPES_H 1
| #define HAVE_SYS_STAT_H 1
| #define HAVE_STDLIB_H 1
| #define HAVE_STRING_H 1
| #define HAVE_MEMORY_H 1
| #define HAVE_STRINGS_H 1
| #define HAVE_INTTYPES_H 1
| #define HAVE_STDINT_H 1
| #define HAVE_UNISTD_H 1
| #define FEATURE_PTHREAD 1
| #define HAVE_LIBNSL 1
| #define HAVE_GETHOSTBYADDR_R_8_ARGS 1
| #define HAVE_GETHOSTBYNAME_R_6_ARGS 1
| #define HAVE_GMTIME_R 1
| #define HAVE_LOCALTIME_R 1
| #define STDC_HEADERS 1
| #define HAVE_DIRENT_H 1
| /* end confdefs.h.  */
| #include <stdio.h>
| #ifdef HAVE_SYS_TYPES_H
| # include <sys/types.h>
| #endif
| #ifdef HAVE_SYS_STAT_H
| # include <sys/stat.h>
| #endif
| #ifdef STDC_HEADERS
| # include <stdlib.h>
| # include <stddef.h>
| #else
| # ifdef HAVE_STDLIB_H
| #  include <stdlib.h>
| # endif
| #endif
| #ifdef HAVE_STRING_H
| # if !defined STDC_HEADERS && defined HAVE_MEMORY_H
| #  include <memory.h>
| # endif
| # include <string.h>
| #endif
| #ifdef HAVE_STRINGS_H
| # include <strings.h>
| #endif
| #ifdef HAVE_INTTYPES_H
| # include <inttypes.h>
| #endif
| #ifdef HAVE_STDINT_H
| # include <stdint.h>
| #endif
| #ifdef HAVE_UNISTD_H
| # include <unistd.h>
| #endif
| int
| main ()
| {
| if (sizeof ((size_t)))
| 	  return 0;
|   ;
|   return 0;
| }
configure:6399: result: yes
configure:6411: checking for pid_t
configure:6439: gcc -c -pipe -O2   conftest.c 1>&5
configure:6446: $? = 0
configure:6473: gcc -c -pipe -O2   conftest.c 1>&5
conftest.c: In function 'main':
conftest.c:67: error: expected expression before ')' token
configure:6480: $? = 1
configure: failed program was:
| /* confdefs.h.  */
| #define PACKAGE_NAME ""
| #define PACKAGE_TARNAME ""
| #define PACKAGE_VERSION ""
| #define PACKAGE_STRING ""
| #define PACKAGE_BUGREPORT ""
| #define VERSION_MAJOR 3
| #define VERSION_MINOR 0
| #define VERSION_POINT 19
| #define VERSION "3.0.19"
| #define CODE_STATUS "stable"
| #define STDC_HEADERS 1
| #define HAVE_SYS_TYPES_H 1
| #define HAVE_SYS_STAT_H 1
| #define HAVE_STDLIB_H 1
| #define HAVE_STRING_H 1
| #define HAVE_MEMORY_H 1
| #define HAVE_STRINGS_H 1
| #define HAVE_INTTYPES_H 1
| #define HAVE_STDINT_H 1
| #define HAVE_UNISTD_H 1
| #define FEATURE_PTHREAD 1
| #define HAVE_LIBNSL 1
| #define HAVE_GETHOSTBYADDR_R_8_ARGS 1
| #define HAVE_GETHOSTBYNAME_R_6_ARGS 1
| #define HAVE_GMTIME_R 1
| #define HAVE_LOCALTIME_R 1
| #define STDC_HEADERS 1
| #define HAVE_DIRENT_H 1
| /* end confdefs.h.  */
| #include <stdio.h>
| #ifdef HAVE_SYS_TYPES_H
| # include <sys/types.h>
| #endif
| #ifdef HAVE_SYS_STAT_H
| # include <sys/stat.h>
| #endif
| #ifdef STDC_HEADERS
| # include <stdlib.h>
| # include <stddef.h>
| #else
| # ifdef HAVE_STDLIB_H
| #  include <stdlib.h>
| # endif
| #endif
| #ifdef HAVE_STRING_H
| # if !defined STDC_HEADERS && defined HAVE_MEMORY_H
| #  include <memory.h>
| # endif
| # include <string.h>
| #endif
| #ifdef HAVE_STRINGS_H
| # include <strings.h>
| #endif
| #ifdef HAVE_INTTYPES_H
| # include <inttypes.h>
| #endif
| #ifdef HAVE_STDINT_H
| # include <stdint.h>
| #endif
| #ifdef HAVE_UNISTD_H
| # include <unistd.h>
| #endif
| int
| main ()
| {
| if (sizeof ((pid_t)))
| 	  return 0;
|   ;
|   return 0;
| }
configure:6503: result: yes
configure:6515: checking whether time.h and sys/time.h may both be included
configure:6545: gcc -c -pipe -O2   conftest.c 1>&5
configure:6552: $? = 0
configure:6567: result: yes
configure:6577: checking whether struct tm is in sys/time.h or time.h
configure:6607: gcc -c -pipe -O2   conftest.c 1>&5
configure:6614: $? = 0
configure:6629: result: time.h
configure:6643: checking size of int
configure:6948: gcc -o conftest -pipe -O2    conftest.c -lnsl  1>&5
configure:6952: $? = 0
configure:6958: ./conftest
configure:6962: $? = 0
configure:6988: result: 4
configure:7002: checking size of char *
configure:7307: gcc -o conftest -pipe -O2    conftest.c -lnsl  1>&5
configure:7311: $? = 0
configure:7317: ./conftest
configure:7321: $? = 0
configure:7347: result: 8
configure:7361: checking size of long
configure:7666: gcc -o conftest -pipe -O2    conftest.c -lnsl  1>&5
configure:7670: $? = 0
configure:7676: ./conftest
configure:7680: $? = 0
configure:7706: result: 8
configure:7720: checking size of long long
configure:8025: gcc -o conftest -pipe -O2    conftest.c -lnsl  1>&5
configure:8029: $? = 0
configure:8035: ./conftest
configure:8039: $? = 0
configure:8065: result: 8
configure:8079: checking size of size_t
configure:8384: gcc -o conftest -pipe -O2    conftest.c -lnsl  1>&5
configure:8388: $? = 0
configure:8394: ./conftest
configure:8398: $? = 0
configure:8424: result: 8
configure:8467: checking OS.h usability
configure:8484: gcc -c -pipe -O2   conftest.c 1>&5
conftest.c:70:16: error: OS.h: No such file or directory
configure:8491: $? = 1
configure: failed program was:
| /* confdefs.h.  */
| #define PACKAGE_NAME ""
| #define PACKAGE_TARNAME ""
| #define PACKAGE_VERSION ""
| #define PACKAGE_STRING ""
| #define PACKAGE_BUGREPORT ""
| #define VERSION_MAJOR 3
| #define VERSION_MINOR 0
| #define VERSION_POINT 19
| #define VERSION "3.0.19"
| #define CODE_STATUS "stable"
| #define STDC_HEADERS 1
| #define HAVE_SYS_TYPES_H 1
| #define HAVE_SYS_STAT_H 1
| #define HAVE_STDLIB_H 1
| #define HAVE_STRING_H 1
| #define HAVE_MEMORY_H 1
| #define HAVE_STRINGS_H 1
| #define HAVE_INTTYPES_H 1
| #define HAVE_STDINT_H 1
| #define HAVE_UNISTD_H 1
| #define FEATURE_PTHREAD 1
| #define HAVE_LIBNSL 1
| #define HAVE_GETHOSTBYADDR_R_8_ARGS 1
| #define HAVE_GETHOSTBYNAME_R_6_ARGS 1
| #define HAVE_GMTIME_R 1
| #define HAVE_LOCALTIME_R 1
| #define STDC_HEADERS 1
| #define HAVE_DIRENT_H 1
| #define TIME_WITH_SYS_TIME 1
| #define SIZEOF_INT 4
| #define SIZEOF_CHAR_P 8
| #define SIZEOF_LONG 8
| #define SIZEOF_LONG_LONG 8
| #define SIZEOF_SIZE_T 8
| /* end confdefs.h.  */
| #include <stdio.h>
| #ifdef HAVE_SYS_TYPES_H
| # include <sys/types.h>
| #endif
| #ifdef HAVE_SYS_STAT_H
| # include <sys/stat.h>
| #endif
| #ifdef STDC_HEADERS
| # include <stdlib.h>
| # include <stddef.h>
| #else
| # ifdef HAVE_STDLIB_H
| #  include <stdlib.h>
| # endif
| #endif
| #ifdef HAVE_STRING_H
| # if !defined STDC_HEADERS && defined HAVE_MEMORY_H
| #  include <memory.h>
| # endif
| # include <string.h>
| #endif
| #ifdef HAVE_STRINGS_H
| # include <strings.h>
| #endif
| #ifdef HAVE_INTTYPES_H
| # include <inttypes.h>
| #endif
| #ifdef HAVE_STDINT_H
| # include <stdint.h>
| #endif
| #ifdef HAVE_UNISTD_H
| # include <unistd.h>
| #endif
| #include <OS.h>
configure:8505: result: no
configure:8509: checking OS.h presence
configure:8524: gcc -E  -pthread conftest.c
conftest.c:37:16: error: OS.h: No such file or directory
configure:8531: $? = 1
configure: failed program was:
| /* confdefs.h.  */
| #define PACKAGE_NAME ""
| #define PACKAGE_TARNAME ""
| #define PACKAGE_VERSION ""
| #define PACKAGE_STRING ""
| #define PACKAGE_BUGREPORT ""
| #define VERSION_MAJOR 3
| #define VERSION_MINOR 0
| #define VERSION_POINT 19
| #define VERSION "3.0.19"
| #define CODE_STATUS "stable"
| #define STDC_HEADERS 1
| #define HAVE_SYS_TYPES_H 1
| #define HAVE_SYS_STAT_H 1
| #define HAVE_STDLIB_H 1
| #define HAVE_STRING_H 1
| #define HAVE_MEMORY_H 1
| #define HAVE_STRINGS_H 1
| #define HAVE_INTTYPES_H 1
| #define HAVE_STDINT_H 1
| #define HAVE_UNISTD_H 1
| #define FEATURE_PTHREAD 1
| #define HAVE_LIBNSL 1
| #define HAVE_GETHOSTBYADDR_R_8_ARGS 1
| #define HAVE_GETHOSTBYNAME_R_6_ARGS 1
| #define HAVE_GMTIME_R 1
| #define HAVE_LOCALTIME_R 1
| #define STDC_HEADERS 1
| #define HAVE_DIRENT_H 1
| #define TIME_WITH_SYS_TIME 1
| #define SIZEOF_INT 4
| #define SIZEOF_CHAR_P 8
| #define SIZEOF_LONG 8
| #define SIZEOF_LONG_LONG 8
| #define SIZEOF_SIZE_T 8
| /* end confdefs.h.  */
| #include <OS.h>
configure:8545: result: no
configure:8573: checking for OS.h
configure:8582: result: no
configure:8467: checking arpa/inet.h usability
configure:8484: gcc -c -pipe -O2   conftest.c 1>&5
configure:8491: $? = 0
configure:8505: result: yes
configure:8509: checking arpa/inet.h presence
configure:8524: gcc -E  -pthread conftest.c
configure:8531: $? = 0
configure:8545: result: yes
configure:8573: checking for arpa/inet.h
configure:8582: result: yes
configure:8467: checking errno.h usability
configure:8484: gcc -c -pipe -O2   conftest.c 1>&5
configure:8491: $? = 0
configure:8505: result: yes
configure:8509: checking errno.h presence
configure:8524: gcc -E  -pthread conftest.c
configure:8531: $? = 0
configure:8545: result: yes
configure:8573: checking for errno.h
configure:8582: result: yes
configure:8467: checking fcntl.h usability
configure:8484: gcc -c -pipe -O2   conftest.c 1>&5
configure:8491: $? = 0
configure:8505: result: yes
configure:8509: checking fcntl.h presence
configure:8524: gcc -E  -pthread conftest.c
configure:8531: $? = 0
configure:8545: result: yes
configure:8573: checking for fcntl.h
configure:8582: result: yes
configure:8467: checking limits.h usability
configure:8484: gcc -c -pipe -O2   conftest.c 1>&5
configure:8491: $? = 0
configure:8505: result: yes
configure:8509: checking limits.h presence
configure:8524: gcc -E  -pthread conftest.c
configure:8531: $? = 0
configure:8545: result: yes
configure:8573: checking for limits.h
configure:8582: result: yes
configure:8467: checking locale.h usability
configure:8484: gcc -c -pipe -O2   conftest.c 1>&5
configure:8491: $? = 0
configure:8505: result: yes
configure:8509: checking locale.h presence
configure:8524: gcc -E  -pthread conftest.c
configure:8531: $? = 0
configure:8545: result: yes
configure:8573: checking for locale.h
configure:8582: result: yes
configure:8467: checking netdb.h usability
configure:8484: gcc -c -pipe -O2   conftest.c 1>&5
configure:8491: $? = 0
configure:8505: result: yes
configure:8509: checking netdb.h presence
configure:8524: gcc -E  -pthread conftest.c
configure:8531: $? = 0
configure:8545: result: yes
configure:8573: checking for netdb.h
configure:8582: result: yes
configure:8467: checking netinet/in.h usability
configure:8484: gcc -c -pipe -O2   conftest.c 1>&5
configure:8491: $? = 0
configure:8505: result: yes
configure:8509: checking netinet/in.h presence
configure:8524: gcc -E  -pthread conftest.c
configure:8531: $? = 0
configure:8545: result: yes
configure:8573: checking for netinet/in.h
configure:8582: result: yes
configure:8467: checking stddef.h usability
configure:8484: gcc -c -pipe -O2   conftest.c 1>&5
configure:8491: $? = 0
configure:8505: result: yes
configure:8509: checking stddef.h presence
configure:8524: gcc -E  -pthread conftest.c
configure:8531: $? = 0
configure:8545: result: yes
configure:8573: checking for stddef.h
configure:8582: result: yes
configure:8456: checking for stdlib.h
configure:8463: result: yes
configure:8456: checking for string.h
configure:8463: result: yes
configure:8467: checking sys/ioctl.h usability
configure:8484: gcc -c -pipe -O2   conftest.c 1>&5
configure:8491: $? = 0
configure:8505: result: yes
configure:8509: checking sys/ioctl.h presence
configure:8524: gcc -E  -pthread conftest.c
configure:8531: $? = 0
configure:8545: result: yes
configure:8573: checking for sys/ioctl.h
configure:8582: result: yes
configure:8467: checking sys/socket.h usability
configure:8484: gcc -c -pipe -O2   conftest.c 1>&5
configure:8491: $? = 0
configure:8505: result: yes
configure:8509: checking sys/socket.h presence
configure:8524: gcc -E  -pthread conftest.c
configure:8531: $? = 0
configure:8545: result: yes
configure:8573: checking for sys/socket.h
configure:8582: result: yes
configure:8467: checking sys/time.h usability
configure:8484: gcc -c -pipe -O2   conftest.c 1>&5
configure:8491: $? = 0
configure:8505: result: yes
configure:8509: checking sys/time.h presence
configure:8524: gcc -E  -pthread conftest.c
configure:8531: $? = 0
configure:8545: result: yes
configure:8573: checking for sys/time.h
configure:8582: result: yes
configure:8467: checking sys/timeb.h usability
configure:8484: gcc -c -pipe -O2   conftest.c 1>&5
configure:8491: $? = 0
configure:8505: result: yes
configure:8509: checking sys/timeb.h presence
configure:8524: gcc -E  -pthread conftest.c
configure:8531: $? = 0
configure:8545: result: yes
configure:8573: checking for sys/timeb.h
configure:8582: result: yes
configure:8467: checking sys/wait.h usability
configure:8484: gcc -c -pipe -O2   conftest.c 1>&5
configure:8491: $? = 0
configure:8505: result: yes
configure:8509: checking sys/wait.h presence
configure:8524: gcc -E  -pthread conftest.c
configure:8531: $? = 0
configure:8545: result: yes
configure:8573: checking for sys/wait.h
configure:8582: result: yes
configure:8456: checking for unistd.h
configure:8463: result: yes
configure:8602: checking for bcopy
configure:8658: gcc -o conftest -pipe -O2    conftest.c -lnsl  1>&5
conftest.c:76: warning: conflicting types for built-in function 'bcopy'
configure:8665: $? = 0
configure:8687: result: yes
configure:8700: checking whether gcc needs -traditional
configure:8742: result: no
configure:8749: checking return type of signal handlers
configure:8777: gcc -c -pipe -O2   conftest.c 1>&5
conftest.c: In function 'main':
conftest.c:60: error: void value not ignored as it ought to be
configure:8784: $? = 1
configure: failed program was:
| /* confdefs.h.  */
| #define PACKAGE_NAME ""
| #define PACKAGE_TARNAME ""
| #define PACKAGE_VERSION ""
| #define PACKAGE_STRING ""
| #define PACKAGE_BUGREPORT ""
| #define VERSION_MAJOR 3
| #define VERSION_MINOR 0
| #define VERSION_POINT 19
| #define VERSION "3.0.19"
| #define CODE_STATUS "stable"
| #define STDC_HEADERS 1
| #define HAVE_SYS_TYPES_H 1
| #define HAVE_SYS_STAT_H 1
| #define HAVE_STDLIB_H 1
| #define HAVE_STRING_H 1
| #define HAVE_MEMORY_H 1
| #define HAVE_STRINGS_H 1
| #define HAVE_INTTYPES_H 1
| #define HAVE_STDINT_H 1
| #define HAVE_UNISTD_H 1
| #define FEATURE_PTHREAD 1
| #define HAVE_LIBNSL 1
| #define HAVE_GETHOSTBYADDR_R_8_ARGS 1
| #define HAVE_GETHOSTBYNAME_R_6_ARGS 1
| #define HAVE_GMTIME_R 1
| #define HAVE_LOCALTIME_R 1
| #define STDC_HEADERS 1
| #define HAVE_DIRENT_H 1
| #define TIME_WITH_SYS_TIME 1
| #define SIZEOF_INT 4
| #define SIZEOF_CHAR_P 8
| #define SIZEOF_LONG 8
| #define SIZEOF_LONG_LONG 8
| #define SIZEOF_SIZE_T 8
| #define HAVE_ARPA_INET_H 1
| #define HAVE_ERRNO_H 1
| #define HAVE_FCNTL_H 1
| #define HAVE_LIMITS_H 1
| #define HAVE_LOCALE_H 1
| #define HAVE_NETDB_H 1
| #define HAVE_NETINET_IN_H 1
| #define HAVE_STDDEF_H 1
| #define HAVE_STDLIB_H 1
| #define HAVE_STRING_H 1
| #define HAVE_SYS_IOCTL_H 1
| #define HAVE_SYS_SOCKET_H 1
| #define HAVE_SYS_TIME_H 1
| #define HAVE_SYS_TIMEB_H 1
| #define HAVE_SYS_WAIT_H 1
| #define HAVE_UNISTD_H 1
| #define HAVE_BCOPY 1
| /* end confdefs.h.  */
| #include <sys/types.h>
| #include <signal.h>
| 
| int
| main ()
| {
| return *(signal (0, 0)) (0) == 1;
|   ;
|   return 0;
| }
configure:8799: result: void
configure:8842: checking for access
configure:8898: gcc -o conftest -pipe -O2    conftest.c -lnsl  1>&5
configure:8905: $? = 0
configure:8927: result: yes
configure:8842: checking for atexit
configure:8898: gcc -o conftest -pipe -O2    conftest.c -lnsl  1>&5
configure:8905: $? = 0
configure:8927: result: yes
configure:8842: checking for getcwd
configure:8898: gcc -o conftest -pipe -O2    conftest.c -lnsl  1>&5
configure:8905: $? = 0
configure:8927: result: yes
configure:8842: checking for gethostbyaddr
configure:8898: gcc -o conftest -pipe -O2    conftest.c -lnsl  1>&5
configure:8905: $? = 0
configure:8927: result: yes
configure:8842: checking for gethostbyaddr_r
configure:8927: result: yes
configure:8842: checking for gethostbyname
configure:8898: gcc -o conftest -pipe -O2    conftest.c -lnsl  1>&5
configure:8905: $? = 0
configure:8927: result: yes
configure:8842: checking for gethostbyname_r
configure:8927: result: yes
configure:8842: checking for gettimeofday
configure:8898: gcc -o conftest -pipe -O2    conftest.c -lnsl  1>&5
configure:8905: $? = 0
configure:8927: result: yes
configure:8842: checking for inet_ntoa
configure:8898: gcc -o conftest -pipe -O2    conftest.c -lnsl  1>&5
configure:8905: $? = 0
configure:8927: result: yes
configure:8842: checking for localtime_r
configure:8927: result: yes
configure:8842: checking for memchr
configure:8898: gcc -o conftest -pipe -O2    conftest.c -lnsl  1>&5
conftest.c:88: warning: conflicting types for built-in function 'memchr'
configure:8905: $? = 0
configure:8927: result: yes
configure:8842: checking for memmove
configure:8898: gcc -o conftest -pipe -O2    conftest.c -lnsl  1>&5
conftest.c:89: warning: conflicting types for built-in function 'memmove'
configure:8905: $? = 0
configure:8927: result: yes
configure:8842: checking for memset
configure:8898: gcc -o conftest -pipe -O2    conftest.c -lnsl  1>&5
conftest.c:90: warning: conflicting types for built-in function 'memset'
configure:8905: $? = 0
configure:8927: result: yes
configure:8842: checking for poll
configure:8898: gcc -o conftest -pipe -O2    conftest.c -lnsl  1>&5
configure:8905: $? = 0
configure:8927: result: yes
configure:8842: checking for putenv
configure:8898: gcc -o conftest -pipe -O2    conftest.c -lnsl  1>&5
configure:8905: $? = 0
configure:8927: result: yes
configure:8842: checking for random
configure:8898: gcc -o conftest -pipe -O2    conftest.c -lnsl  1>&5
configure:8905: $? = 0
configure:8927: result: yes
configure:8842: checking for regcomp
configure:8898: gcc -o conftest -pipe -O2    conftest.c -lnsl  1>&5
configure:8905: $? = 0
configure:8927: result: yes
configure:8842: checking for select
configure:8898: gcc -o conftest -pipe -O2    conftest.c -lnsl  1>&5
configure:8905: $? = 0
configure:8927: result: yes
configure:8842: checking for setlocale
configure:8898: gcc -o conftest -pipe -O2    conftest.c -lnsl  1>&5
configure:8905: $? = 0
configure:8927: result: yes
configure:8842: checking for snprintf
configure:8898: gcc -o conftest -pipe -O2    conftest.c -lnsl  1>&5
conftest.c:97: warning: conflicting types for built-in function 'snprintf'
configure:8905: $? = 0
configure:8927: result: yes
configure:8842: checking for socket
configure:8898: gcc -o conftest -pipe -O2    conftest.c -lnsl  1>&5
configure:8905: $? = 0
configure:8927: result: yes
configure:8842: checking for strchr
configure:8898: gcc -o conftest -pipe -O2    conftest.c -lnsl  1>&5
conftest.c:99: warning: conflicting types for built-in function 'strchr'
configure:8905: $? = 0
configure:8927: result: yes
configure:8842: checking for strdup
configure:8898: gcc -o conftest -pipe -O2    conftest.c -lnsl  1>&5
conftest.c:100: warning: conflicting types for built-in function 'strdup'
configure:8905: $? = 0
configure:8927: result: yes
configure:8842: checking for strerror
configure:8898: gcc -o conftest -pipe -O2    conftest.c -lnsl  1>&5
configure:8905: $? = 0
configure:8927: result: yes
configure:8842: checking for strftime
configure:8898: gcc -o conftest -pipe -O2    conftest.c -lnsl  1>&5
conftest.c:102: warning: conflicting types for built-in function 'strftime'
configure:8905: $? = 0
configure:8927: result: yes
configure:8842: checking for strlcat
configure:8898: gcc -o conftest -pipe -O2    conftest.c -lnsl  1>&5
/tmp/ccJU2q2A.o: In function `main':
conftest.c:(.text+0x7): undefined reference to `strlcat'
collect2: ld returned 1 exit status
configure:8905: $? = 1
configure: failed program was:
| /* confdefs.h.  */
| #define PACKAGE_NAME ""
| #define PACKAGE_TARNAME ""
| #define PACKAGE_VERSION ""
| #define PACKAGE_STRING ""
| #define PACKAGE_BUGREPORT ""
| #define VERSION_MAJOR 3
| #define VERSION_MINOR 0
| #define VERSION_POINT 19
| #define VERSION "3.0.19"
| #define CODE_STATUS "stable"
| #define STDC_HEADERS 1
| #define HAVE_SYS_TYPES_H 1
| #define HAVE_SYS_STAT_H 1
| #define HAVE_STDLIB_H 1
| #define HAVE_STRING_H 1
| #define HAVE_MEMORY_H 1
| #define HAVE_STRINGS_H 1
| #define HAVE_INTTYPES_H 1
| #define HAVE_STDINT_H 1
| #define HAVE_UNISTD_H 1
| #define FEATURE_PTHREAD 1
| #define HAVE_LIBNSL 1
| #define HAVE_GETHOSTBYADDR_R_8_ARGS 1
| #define HAVE_GETHOSTBYNAME_R_6_ARGS 1
| #define HAVE_GMTIME_R 1
| #define HAVE_LOCALTIME_R 1
| #define STDC_HEADERS 1
| #define HAVE_DIRENT_H 1
| #define TIME_WITH_SYS_TIME 1
| #define SIZEOF_INT 4
| #define SIZEOF_CHAR_P 8
| #define SIZEOF_LONG 8
| #define SIZEOF_LONG_LONG 8
| #define SIZEOF_SIZE_T 8
| #define HAVE_ARPA_INET_H 1
| #define HAVE_ERRNO_H 1
| #define HAVE_FCNTL_H 1
| #define HAVE_LIMITS_H 1
| #define HAVE_LOCALE_H 1
| #define HAVE_NETDB_H 1
| #define HAVE_NETINET_IN_H 1
| #define HAVE_STDDEF_H 1
| #define HAVE_STDLIB_H 1
| #define HAVE_STRING_H 1
| #define HAVE_SYS_IOCTL_H 1
| #define HAVE_SYS_SOCKET_H 1
| #define HAVE_SYS_TIME_H 1
| #define HAVE_SYS_TIMEB_H 1
| #define HAVE_SYS_WAIT_H 1
| #define HAVE_UNISTD_H 1
| #define HAVE_BCOPY 1
| #define RETSIGTYPE void
| #define HAVE_ACCESS 1
| #define HAVE_ATEXIT 1
| #define HAVE_GETCWD 1
| #define HAVE_GETHOSTBYADDR 1
| #define HAVE_GETHOSTBYADDR_R 1
| #define HAVE_GETHOSTBYNAME 1
| #define HAVE_GETHOSTBYNAME_R 1
| #define HAVE_GETTIMEOFDAY 1
| #define HAVE_INET_NTOA 1
| #define HAVE_LOCALTIME_R 1
| #define HAVE_MEMCHR 1
| #define HAVE_MEMMOVE 1
| #define HAVE_MEMSET 1
| #define HAVE_POLL 1
| #define HAVE_PUTENV 1
| #define HAVE_RANDOM 1
| #define HAVE_REGCOMP 1
| #define HAVE_SELECT 1
| #define HAVE_SETLOCALE 1
| #define HAVE_SNPRINTF 1
| #define HAVE_SOCKET 1
| #define HAVE_STRCHR 1
| #define HAVE_STRDUP 1
| #define HAVE_STRERROR 1
| #define HAVE_STRFTIME 1
| /* end confdefs.h.  */
| /* Define strlcat to an innocuous variant, in case <limits.h> declares strlcat.
|    For example, HP-UX 11i <limits.h> declares gettimeofday.  */
| #define strlcat innocuous_strlcat
| 
| /* System header to define __stub macros and hopefully few prototypes,
|     which can conflict with char strlcat (); below.
|     Prefer <limits.h> to <assert.h> if __STDC__ is defined, since
|     <limits.h> exists even on freestanding compilers.  */
| 
| #ifdef __STDC__
| # include <limits.h>
| #else
| # include <assert.h>
| #endif
| 
| #undef strlcat
| 
| /* Override any GCC internal prototype to avoid an error.
|    Use char because int might match the return type of a GCC
|    builtin and then its argument prototype would still apply.  */
| #ifdef __cplusplus
| extern "C"
| #endif
| char strlcat ();
| /* The GNU C library defines this for functions which it implements
|     to always fail with ENOSYS.  Some functions are actually named
|     something starting with __ and the normal name is an alias.  */
| #if defined __stub_strlcat || defined __stub___strlcat
| choke me
| #endif
| 
| int
| main ()
| {
| return strlcat ();
|   ;
|   return 0;
| }
configure:8927: result: no
configure:8842: checking for strlcpy
configure:8898: gcc -o conftest -pipe -O2    conftest.c -lnsl  1>&5
/tmp/cczDBCmC.o: In function `main':
conftest.c:(.text+0x7): undefined reference to `strlcpy'
collect2: ld returned 1 exit status
configure:8905: $? = 1
configure: failed program was:
| /* confdefs.h.  */
| #define PACKAGE_NAME ""
| #define PACKAGE_TARNAME ""
| #define PACKAGE_VERSION ""
| #define PACKAGE_STRING ""
| #define PACKAGE_BUGREPORT ""
| #define VERSION_MAJOR 3
| #define VERSION_MINOR 0
| #define VERSION_POINT 19
| #define VERSION "3.0.19"
| #define CODE_STATUS "stable"
| #define STDC_HEADERS 1
| #define HAVE_SYS_TYPES_H 1
| #define HAVE_SYS_STAT_H 1
| #define HAVE_STDLIB_H 1
| #define HAVE_STRING_H 1
| #define HAVE_MEMORY_H 1
| #define HAVE_STRINGS_H 1
| #define HAVE_INTTYPES_H 1
| #define HAVE_STDINT_H 1
| #define HAVE_UNISTD_H 1
| #define FEATURE_PTHREAD 1
| #define HAVE_LIBNSL 1
| #define HAVE_GETHOSTBYADDR_R_8_ARGS 1
| #define HAVE_GETHOSTBYNAME_R_6_ARGS 1
| #define HAVE_GMTIME_R 1
| #define HAVE_LOCALTIME_R 1
| #define STDC_HEADERS 1
| #define HAVE_DIRENT_H 1
| #define TIME_WITH_SYS_TIME 1
| #define SIZEOF_INT 4
| #define SIZEOF_CHAR_P 8
| #define SIZEOF_LONG 8
| #define SIZEOF_LONG_LONG 8
| #define SIZEOF_SIZE_T 8
| #define HAVE_ARPA_INET_H 1
| #define HAVE_ERRNO_H 1
| #define HAVE_FCNTL_H 1
| #define HAVE_LIMITS_H 1
| #define HAVE_LOCALE_H 1
| #define HAVE_NETDB_H 1
| #define HAVE_NETINET_IN_H 1
| #define HAVE_STDDEF_H 1
| #define HAVE_STDLIB_H 1
| #define HAVE_STRING_H 1
| #define HAVE_SYS_IOCTL_H 1
| #define HAVE_SYS_SOCKET_H 1
| #define HAVE_SYS_TIME_H 1
| #define HAVE_SYS_TIMEB_H 1
| #define HAVE_SYS_WAIT_H 1
| #define HAVE_UNISTD_H 1
| #define HAVE_BCOPY 1
| #define RETSIGTYPE void
| #define HAVE_ACCESS 1
| #define HAVE_ATEXIT 1
| #define HAVE_GETCWD 1
| #define HAVE_GETHOSTBYADDR 1
| #define HAVE_GETHOSTBYADDR_R 1
| #define HAVE_GETHOSTBYNAME 1
| #define HAVE_GETHOSTBYNAME_R 1
| #define HAVE_GETTIMEOFDAY 1
| #define HAVE_INET_NTOA 1
| #define HAVE_LOCALTIME_R 1
| #define HAVE_MEMCHR 1
| #define HAVE_MEMMOVE 1
| #define HAVE_MEMSET 1
| #define HAVE_POLL 1
| #define HAVE_PUTENV 1
| #define HAVE_RANDOM 1
| #define HAVE_REGCOMP 1
| #define HAVE_SELECT 1
| #define HAVE_SETLOCALE 1
| #define HAVE_SNPRINTF 1
| #define HAVE_SOCKET 1
| #define HAVE_STRCHR 1
| #define HAVE_STRDUP 1
| #define HAVE_STRERROR 1
| #define HAVE_STRFTIME 1
| /* end confdefs.h.  */
| /* Define strlcpy to an innocuous variant, in case <limits.h> declares strlcpy.
|    For example, HP-UX 11i <limits.h> declares gettimeofday.  */
| #define strlcpy innocuous_strlcpy
| 
| /* System header to define __stub macros and hopefully few prototypes,
|     which can conflict with char strlcpy (); below.
|     Prefer <limits.h> to <assert.h> if __STDC__ is defined, since
|     <limits.h> exists even on freestanding compilers.  */
| 
| #ifdef __STDC__
| # include <limits.h>
| #else
| # include <assert.h>
| #endif
| 
| #undef strlcpy
| 
| /* Override any GCC internal prototype to avoid an error.
|    Use char because int might match the return type of a GCC
|    builtin and then its argument prototype would still apply.  */
| #ifdef __cplusplus
| extern "C"
| #endif
| char strlcpy ();
| /* The GNU C library defines this for functions which it implements
|     to always fail with ENOSYS.  Some functions are actually named
|     something starting with __ and the normal name is an alias.  */
| #if defined __stub_strlcpy || defined __stub___strlcpy
| choke me
| #endif
| 
| int
| main ()
| {
| return strlcpy ();
|   ;
|   return 0;
| }
configure:8927: result: no
configure:8842: checking for strptime
configure:8898: gcc -o conftest -pipe -O2    conftest.c -lnsl  1>&5
configure:8905: $? = 0
configure:8927: result: yes
configure:8842: checking for strstr
configure:8898: gcc -o conftest -pipe -O2    conftest.c -lnsl  1>&5
conftest.c:104: warning: conflicting types for built-in function 'strstr'
configure:8905: $? = 0
configure:8927: result: yes
configure:8842: checking for strtoul
configure:8898: gcc -o conftest -pipe -O2    conftest.c -lnsl  1>&5
configure:8905: $? = 0
configure:8927: result: yes
configure:8842: checking for timegm
configure:8898: gcc -o conftest -pipe -O2    conftest.c -lnsl  1>&5
configure:8905: $? = 0
configure:8927: result: yes
configure:8842: checking for tzset
configure:8898: gcc -o conftest -pipe -O2    conftest.c -lnsl  1>&5
configure:8905: $? = 0
configure:8927: result: yes
configure:9148: checking for getaddrinfo
configure:9204: gcc -o conftest -pipe -O2    conftest.c -lnsl  1>&5
configure:9211: $? = 0
configure:9231: result: yes
configure:9234: checking for getnameinfo
configure:9290: gcc -o conftest -pipe -O2    conftest.c -lnsl  1>&5
configure:9297: $? = 0
configure:9317: result: yes
configure:9333: checking for pcre_compile in -lpcre
configure:9368: gcc -o conftest -pipe -O2    conftest.c -lpcre  -lnsl  1>&5
configure:9375: $? = 0
configure:9396: result: yes
configure:9410: checking pcre.h usability
configure:9427: gcc -c -pipe -O2   conftest.c 1>&5
configure:9434: $? = 0
configure:9448: result: yes
configure:9452: checking pcre.h presence
configure:9467: gcc -E  -pthread conftest.c
configure:9474: $? = 0
configure:9488: result: yes
configure:9516: checking for pcre.h
configure:9523: result: yes
configure:9716: checking for regcomp in -lpcreposix
configure:9751: gcc -o conftest -pipe -O2    conftest.c -lpcreposix -lpcre -lnsl  1>&5
configure:9758: $? = 0
configure:9779: result: yes
configure:9793: checking pcreposix.h usability
configure:9810: gcc -c -pipe -O2   conftest.c 1>&5
configure:9817: $? = 0
configure:9831: result: yes
configure:9835: checking pcreposix.h presence
configure:9850: gcc -E  -pthread conftest.c
configure:9857: $? = 0
configure:9871: result: yes
configure:9899: checking for pcreposix.h
configure:9906: result: yes
configure:10307: checking for zlibVersion in -lz
configure:10342: gcc -o conftest -pipe -O2    conftest.c -lz  -lnsl  1>&5
configure:10349: $? = 0
configure:10370: result: yes
configure:10571: creating ./config.status

## ---------------------- ##
## Running config.status. ##
## ---------------------- ##

This file was extended by config.status, which was
generated by GNU Autoconf 2.63.  Invocation command line was

  CONFIG_FILES    = 
  CONFIG_HEADERS  = 
  CONFIG_LINKS    = 
  CONFIG_COMMANDS = 
  $ ./config.status 

on node.r66t.int

config.status:842: creating GNUmakefile
config.status:842: creating doc/source/ldp.dsl
config.status:842: creating config.h

## ---------------- ##
## Cache variables. ##
## ---------------- ##

ac_cv_build=x86_64-unknown-linux-gnu
ac_cv_c_compiler_gnu=yes
ac_cv_c_const=yes
ac_cv_env_CC_set=
ac_cv_env_CC_value=
ac_cv_env_CFLAGS_set=
ac_cv_env_CFLAGS_value=
ac_cv_env_CPPFLAGS_set=
ac_cv_env_CPPFLAGS_value=
ac_cv_env_CPP_set=
ac_cv_env_CPP_value=
ac_cv_env_LDFLAGS_set=
ac_cv_env_LDFLAGS_value=
ac_cv_env_LIBS_set=
ac_cv_env_LIBS_value=
ac_cv_env_build_alias_set=
ac_cv_env_build_alias_value=
ac_cv_env_host_alias_set=
ac_cv_env_host_alias_value=
ac_cv_env_target_alias_set=
ac_cv_env_target_alias_value=
ac_cv_func_access=yes
ac_cv_func_atexit=yes
ac_cv_func_bcopy=yes
ac_cv_func_getaddrinfo=yes
ac_cv_func_getcwd=yes
ac_cv_func_gethostbyaddr=yes
ac_cv_func_gethostbyaddr_r=yes
ac_cv_func_gethostbyname=yes
ac_cv_func_gethostbyname_r=yes
ac_cv_func_getnameinfo=yes
ac_cv_func_gettimeofday=yes
ac_cv_func_gmtime_r=yes
ac_cv_func_inet_ntoa=yes
ac_cv_func_localtime_r=yes
ac_cv_func_memchr=yes
ac_cv_func_memmove=yes
ac_cv_func_memset=yes
ac_cv_func_poll=yes
ac_cv_func_putenv=yes
ac_cv_func_random=yes
ac_cv_func_regcomp=yes
ac_cv_func_select=yes
ac_cv_func_setlocale=yes
ac_cv_func_snprintf=yes
ac_cv_func_socket=yes
ac_cv_func_strchr=yes
ac_cv_func_strdup=yes
ac_cv_func_strerror=yes
ac_cv_func_strftime=yes
ac_cv_func_strlcat=no
ac_cv_func_strlcpy=no
ac_cv_func_strptime=yes
ac_cv_func_strstr=yes
ac_cv_func_strtoul=yes
ac_cv_func_timegm=yes
ac_cv_func_tzset=yes
ac_cv_header_OS_h=no
ac_cv_header_arpa_inet_h=yes
ac_cv_header_dirent_dirent_h=yes
ac_cv_header_errno_h=yes
ac_cv_header_fcntl_h=yes
ac_cv_header_inttypes_h=yes
ac_cv_header_limits_h=yes
ac_cv_header_locale_h=yes
ac_cv_header_memory_h=yes
ac_cv_header_netdb_h=yes
ac_cv_header_netinet_in_h=yes
ac_cv_header_pcre_h=yes
ac_cv_header_pcreposix_h=yes
ac_cv_header_pthread_h=yes
ac_cv_header_stdc=yes
ac_cv_header_stddef_h=yes
ac_cv_header_stdint_h=yes
ac_cv_header_stdlib_h=yes
ac_cv_header_string_h=yes
ac_cv_header_strings_h=yes
ac_cv_header_sys_ioctl_h=yes
ac_cv_header_sys_socket_h=yes
ac_cv_header_sys_stat_h=yes
ac_cv_header_sys_time_h=yes
ac_cv_header_sys_timeb_h=yes
ac_cv_header_sys_types_h=yes
ac_cv_header_sys_wait_h=yes
ac_cv_header_time=yes
ac_cv_header_unistd_h=yes
ac_cv_host=x86_64-unknown-linux-gnu
ac_cv_lib_nsl_gethostbyname=yes
ac_cv_lib_pcre_pcre_compile=yes
ac_cv_lib_pcreposix_regcomp=yes
ac_cv_lib_z_zlibVersion=yes
ac_cv_objext=o
ac_cv_path_BGROUPS=/usr/bin/groups
ac_cv_path_EGREP='/bin/grep -E'
ac_cv_path_GREP=/bin/grep
ac_cv_path_ID=/usr/bin/id
ac_cv_path_install='/usr/bin/install -c'
ac_cv_prog_AWK=gawk
ac_cv_prog_CPP='gcc -E'
ac_cv_prog_GDB=yes
ac_cv_prog_MAN2HTML=man2html
ac_cv_prog_RPMBIN=rpm
ac_cv_prog_ac_ct_CC=gcc
ac_cv_prog_cc_c89=
ac_cv_prog_cc_g=yes
ac_cv_prog_gcc_traditional=no
ac_cv_prog_make_make_set=yes
ac_cv_search_opendir='none required'
ac_cv_sizeof_char_p=8
ac_cv_sizeof_int=4
ac_cv_sizeof_long=8
ac_cv_sizeof_long_long=8
ac_cv_sizeof_size_t=8
ac_cv_struct_tm=time.h
ac_cv_type_pid_t=yes
ac_cv_type_signal=void
ac_cv_type_size_t=yes

## ----------------- ##
## Output variables. ##
## ----------------- ##

AMIGAOS_ONLY='#'
AWK='gawk'
BGROUPS='/usr/bin/groups'
CC='gcc'
CFLAGS='-pipe -O2'
CODE_STATUS='stable'
CPP='gcc -E'
CPPFLAGS=''
DB2HTML='false'
DEFS='-DHAVE_CONFIG_H'
DKPREFIX='none'
DOC_STATUS='p-stable'
ECHO_C=''
ECHO_N='-n'
ECHO_T=''
EGREP='/bin/grep -E'
EXEEXT=''
GDB='yes'
GREP='/bin/grep'
GROUP='privoxy'
ID='/usr/bin/id'
INSTALL_DATA='${INSTALL} -m 644'
INSTALL_PROGRAM='${INSTALL}'
INSTALL_SCRIPT='${INSTALL}'
JADEBIN='false'
JADECAT=''
LDFLAGS=''
LIBOBJS=''
LIBS='-lnsl  -lz -lpcre -lpcreposix'
LN_S='ln -s'
LTLIBOBJS=''
MAN2HTML='man2html'
OBJEXT='o'
PACKAGE_BUGREPORT=''
PACKAGE_NAME=''
PACKAGE_STRING=''
PACKAGE_TARNAME=''
PACKAGE_VERSION=''
PATH_SEPARATOR=':'
PTHREAD_LIB=''
PTHREAD_ONLY=''
RPMBIN='rpm'
RPM_BASE='/home/mbrowne/rpmbuild'
SET_MAKE=''
SHELL='/bin/sh'
SOCKET_LIB=''
SPECIAL_CFLAGS='-pthread'
STATIC_PCRE_ONLY='#'
STATIC_PCRS_ONLY=''
USER='privoxy'
VERSION_MAJOR='3'
VERSION_MINOR='0'
VERSION_POINT='19'
WDUMP='false'
WIN_ONLY='#'
ac_ct_CC='gcc'
bindir='${exec_prefix}/bin'
build='x86_64-unknown-linux-gnu'
build_alias=''
build_cpu='x86_64'
build_os='linux-gnu'
build_vendor='unknown'
datadir='${datarootdir}'
datarootdir='${prefix}/share'
docdir='${datarootdir}/doc/${PACKAGE}'
dvidir='${docdir}'
exec_prefix='${prefix}'
host='x86_64-unknown-linux-gnu'
host_alias=''
host_cpu='x86_64'
host_os='linux-gnu'
host_vendor='unknown'
htmldir='${docdir}'
includedir='${prefix}/include'
infodir='${datarootdir}/info'
libdir='${exec_prefix}/lib'
libexecdir='${exec_prefix}/libexec'
localedir='${datarootdir}/locale'
localstatedir='${prefix}/var'
mandir='${datarootdir}/man'
oldincludedir='/usr/include'
pdfdir='${docdir}'
prefix='/usr/local'
program_transform_name='s,x,x,'
psdir='${docdir}'
sbindir='${exec_prefix}/sbin'
sharedstatedir='/var'
sysconfdir='${prefix}/etc'
target_alias=''

## ----------- ##
## confdefs.h. ##
## ----------- ##

#define PACKAGE_NAME ""
#define PACKAGE_TARNAME ""
#define PACKAGE_VERSION ""
#define PACKAGE_STRING ""
#define PACKAGE_BUGREPORT ""
#define VERSION_MAJOR 3
#define VERSION_MINOR 0
#define VERSION_POINT 19
#define VERSION "3.0.19"
#define CODE_STATUS "stable"
#define STDC_HEADERS 1
#define HAVE_SYS_TYPES_H 1
#define HAVE_SYS_STAT_H 1
#define HAVE_STDLIB_H 1
#define HAVE_STRING_H 1
#define HAVE_MEMORY_H 1
#define HAVE_STRINGS_H 1
#define HAVE_INTTYPES_H 1
#define HAVE_STDINT_H 1
#define HAVE_UNISTD_H 1
#define FEATURE_PTHREAD 1
#define HAVE_LIBNSL 1
#define HAVE_GETHOSTBYADDR_R_8_ARGS 1
#define HAVE_GETHOSTBYNAME_R_6_ARGS 1
#define HAVE_GMTIME_R 1
#define HAVE_LOCALTIME_R 1
#define STDC_HEADERS 1
#define HAVE_DIRENT_H 1
#define TIME_WITH_SYS_TIME 1
#define SIZEOF_INT 4
#define SIZEOF_CHAR_P 8
#define SIZEOF_LONG 8
#define SIZEOF_LONG_LONG 8
#define SIZEOF_SIZE_T 8
#define HAVE_ARPA_INET_H 1
#define HAVE_ERRNO_H 1
#define HAVE_FCNTL_H 1
#define HAVE_LIMITS_H 1
#define HAVE_LOCALE_H 1
#define HAVE_NETDB_H 1
#define HAVE_NETINET_IN_H 1
#define HAVE_STDDEF_H 1
#define HAVE_STDLIB_H 1
#define HAVE_STRING_H 1
#define HAVE_SYS_IOCTL_H 1
#define HAVE_SYS_SOCKET_H 1
#define HAVE_SYS_TIME_H 1
#define HAVE_SYS_TIMEB_H 1
#define HAVE_SYS_WAIT_H 1
#define HAVE_UNISTD_H 1
#define HAVE_BCOPY 1
#define RETSIGTYPE void
#define HAVE_ACCESS 1
#define HAVE_ATEXIT 1
#define HAVE_GETCWD 1
#define HAVE_GETHOSTBYADDR 1
#define HAVE_GETHOSTBYADDR_R 1
#define HAVE_GETHOSTBYNAME 1
#define HAVE_GETHOSTBYNAME_R 1
#define HAVE_GETTIMEOFDAY 1
#define HAVE_INET_NTOA 1
#define HAVE_LOCALTIME_R 1
#define HAVE_MEMCHR 1
#define HAVE_MEMMOVE 1
#define HAVE_MEMSET 1
#define HAVE_POLL 1
#define HAVE_PUTENV 1
#define HAVE_RANDOM 1
#define HAVE_REGCOMP 1
#define HAVE_SELECT 1
#define HAVE_SETLOCALE 1
#define HAVE_SNPRINTF 1
#define HAVE_SOCKET 1
#define HAVE_STRCHR 1
#define HAVE_STRDUP 1
#define HAVE_STRERROR 1
#define HAVE_STRFTIME 1
#define HAVE_STRPTIME 1
#define HAVE_STRSTR 1
#define HAVE_STRTOUL 1
#define HAVE_TIMEGM 1
#define HAVE_TZSET 1
#define HAVE_RFC2553 1
#define __MT__ 1
#define FEATURE_FAST_REDIRECTS 1
#define FEATURE_STATISTICS 1
#define FEATURE_IMAGE_BLOCKING 1
#define FEATURE_ACL 1
#define FEATURE_TRUST 1
#define FEATURE_ZLIB 1
#define FEATURE_CONNECTION_KEEP_ALIVE 1
#define FEATURE_CONNECTION_SHARING 1
#define STATIC_PCRS 1

configure: exit 0
